{"/Users/trungtrinh/Desktop/Trung/Learning/JEST-Unit-Testing/WebDev Simplified Tutorial/js/cloneArray.js": {"path":"/Users/trungtrinh/Desktop/Trung/Learning/JEST-Unit-Testing/WebDev Simplified Tutorial/js/cloneArray.js","statementMap":{"0":{"start":{"line":2,"column":2},"end":{"line":2,"column":20}},"1":{"start":{"line":5,"column":0},"end":{"line":5,"column":28}}},"fnMap":{"0":{"name":"cloneArray","decl":{"start":{"line":1,"column":9},"end":{"line":1,"column":19}},"loc":{"start":{"line":1,"column":27},"end":{"line":3,"column":1}},"line":1}},"branchMap":{},"s":{"0":2,"1":1},"f":{"0":2},"b":{},"_coverageSchema":"1a1c01bbd47fc00a2c39e90264f33305004495a9","hash":"fd570a772712337244f2d24417fc8f6796d5cb69"}
,"/Users/trungtrinh/Desktop/Trung/Learning/JEST-Unit-Testing/WebDev Simplified Tutorial/js/subtract.js": {"path":"/Users/trungtrinh/Desktop/Trung/Learning/JEST-Unit-Testing/WebDev Simplified Tutorial/js/subtract.js","statementMap":{"0":{"start":{"line":2,"column":2},"end":{"line":2,"column":15}},"1":{"start":{"line":5,"column":0},"end":{"line":5,"column":26}}},"fnMap":{"0":{"name":"subtract","decl":{"start":{"line":1,"column":9},"end":{"line":1,"column":17}},"loc":{"start":{"line":1,"column":24},"end":{"line":3,"column":1}},"line":1}},"branchMap":{},"s":{"0":1,"1":1},"f":{"0":1},"b":{},"_coverageSchema":"1a1c01bbd47fc00a2c39e90264f33305004495a9","hash":"9d6b748d543e5417d2d92c111c6be0b091d1fa99"}
,"/Users/trungtrinh/Desktop/Trung/Learning/JEST-Unit-Testing/WebDev Simplified Tutorial/js/sum.js": {"path":"/Users/trungtrinh/Desktop/Trung/Learning/JEST-Unit-Testing/WebDev Simplified Tutorial/js/sum.js","statementMap":{"0":{"start":{"line":2,"column":2},"end":{"line":2,"column":15}},"1":{"start":{"line":6,"column":2},"end":{"line":6,"column":15}},"2":{"start":{"line":9,"column":0},"end":{"line":9,"column":21}}},"fnMap":{"0":{"name":"sum","decl":{"start":{"line":1,"column":9},"end":{"line":1,"column":12}},"loc":{"start":{"line":1,"column":19},"end":{"line":3,"column":1}},"line":1},"1":{"name":"helper","decl":{"start":{"line":5,"column":9},"end":{"line":5,"column":15}},"loc":{"start":{"line":5,"column":22},"end":{"line":7,"column":1}},"line":5}},"branchMap":{},"s":{"0":1,"1":0,"2":1},"f":{"0":1,"1":0},"b":{},"_coverageSchema":"1a1c01bbd47fc00a2c39e90264f33305004495a9","hash":"a909e1d4766d47dcdb1b50ebd9c33b6dbf843b68"}
}
